[ Info: Starting solver comparison...
[ Info: ======================================================================
[ Info: Cancer Invasion Solver Comparison
[ Info:   Chemotaxis parameter: ηy = 40.0
[ Info:   Time span: (0.0, 0.5)
[ Info:   Mesh: (100, 100)
[ Info: ======================================================================
[ Info: 
[ Info: Running Standard IDA Solver (Galerkin)...
[ Info: ======================================================================
[ Info: Cancer Invasion Solver - Sundials IDA
[ Info:   Gridap native Jacobians + IDA with KLU sparse solver
[ Info: ======================================================================
[ Info: Setting up cancer invasion problem...
[ Info:   Mesh: (100, 100) elements
[ Info:   Domain: (0.0, 1.0, 0.0, 1.0)
[ Info:   DOFs per field: 10100
[ Info:   Total DOFs: 20200
[ Info: Creating transient FE operator with automatic Jacobian...
[ Info:   TransientFEOperator created
[ Info: Creating Gridap → DAEProblem wrapper...
[ Info:   Sparse Jacobian prototype: (20200, 20200) with 358792 nonzeros
[ Info:   Sparsity: 0.09%
[ Info: 
[ Info: Solving with IDA (BDF-based DAE solver)...
[ Info:   Time span: (0.0, 0.5)
[ Info:   Relative tolerance: 0.0001
[ Info:   Absolute tolerance: 1.0e-6
[ Info:   Linear solver: KLU (sparse direct)
[ Info:   Max BDF order: 5
┌ Warning: The dtmin argument is ignored by IDA{:KLU, Nothing, Nothing}(0, 0, 0, 5, 7, 0.33, 3, 10, 0.0033, 5, 4, 10, 100, true, false, nothing, nothing).
└ @ SciMLBase ~/.julia/packages/SciMLBase/wfZCo/src/utils.jl:356
┌ Warning: https://docs.sciml.ai/DiffEqDocs/stable/basics/compatibility_chart/
└ @ SciMLBase ~/.julia/packages/SciMLBase/wfZCo/src/utils.jl:368
[ Info: 
[ Info: Solution complete!
[ Info:   Total steps: 507
[ Info:   Final time: 0.5
[ Info:   Status: Success
[ Info: IDA solver completed successfully
[ Info:   Total time steps: 507
[ Info: 
[ Info: Running SUPG Solver...
[ Info: ======================================================================
[ Info: Cancer Invasion Solver - Sundials IDA with SUPG
[ Info:   Gridap native Jacobians + IDA with KLU sparse solver
[ Info:   Spatial-only SUPG stabilization
[ Info: ======================================================================
[ Info: Setting up cancer invasion problem with SUPG...
[ Info:   Mesh: (100, 100) elements
[ Info:   Domain: (0.0, 1.0, 0.0, 1.0)
[ Info:   SUPG C: 0.5
[ Info:   Auto-computed element size: h = 0.01
[ Info:   DOFs per field: 10100
[ Info:   Total DOFs: 20200
[ Info: Creating transient FE operator with SUPG stabilization...
[ Info:   SUPG parameters: C=0.5, h=0.01, τ_scale=0.005
[ Info:   Velocity safeguard: ε=1.0e-10
[ Info:   TransientFEOperator with SUPG created
[ Info: Creating Gridap → DAEProblem wrapper...
[ Info:   Sparse Jacobian prototype: (20200, 20200) with 358792 nonzeros
[ Info:   Sparsity: 0.09%
[ Info: 
[ Info: Solving with IDA (BDF-based DAE solver)...
[ Info:   Time span: (0.0, 0.5)
[ Info:   Relative tolerance: 0.0001
[ Info:   Absolute tolerance: 1.0e-6
[ Info:   Linear solver: KLU (sparse direct)
[ Info:   Max BDF order: 5
[ Info:   SUPG C: 0.5
┌ Warning: The dtmin argument is ignored by IDA{:KLU, Nothing, Nothing}(0, 0, 0, 5, 7, 0.33, 3, 10, 0.0033, 5, 4, 10, 100, true, false, nothing, nothing).
└ @ SciMLBase ~/.julia/packages/SciMLBase/wfZCo/src/utils.jl:356
┌ Warning: https://docs.sciml.ai/DiffEqDocs/stable/basics/compatibility_chart/
└ @ SciMLBase ~/.julia/packages/SciMLBase/wfZCo/src/utils.jl:368
[ Info: 
[ Info: Solution complete!
[ Info:   Total steps: 637
[ Info:   Final time: 0.5
[ Info:   Status: Success
[ Info: SUPG solver completed successfully
[ Info:   Total time steps: 637
[ Info: 
[ Info: Extracting solutions at snapshot times...
[ Info: 
[ Info: Computing error metrics...
[ Info: 
[ Info: Generating plots...
[ Info:   Creating heatmap plots...
ERROR: LoadError: MethodError: no method matching isless(::Nothing, ::Int64)

Closest candidates are:
  isless(!Matched::Missing, ::Any)
   @ Base missing.jl:87
  isless(::Any, !Matched::Missing)
   @ Base missing.jl:88
  isless(!Matched::Discontinuity, ::Number)
   @ DelayDiffEq ~/.julia/packages/DelayDiffEq/Toqr2/src/discontinuity_type.jl:25
  ...

Stacktrace:
  [1] min(x::Int64, y::Nothing)
    @ Base ./operators.jl:490
  [2] sample_color(cg::PlotUtils.ContinuousColorGradient, x::Float64)
    @ PlotUtils ~/.julia/packages/PlotUtils/HX80C/src/colorschemes.jl:58
  [3] get(cg::PlotUtils.ContinuousColorGradient, x::Float64, rangescale::Tuple{Float64, Float64})
    @ PlotUtils ~/.julia/packages/PlotUtils/HX80C/src/colorschemes.jl:73
  [4] (::PlotUtils.var"#6#7"{PlotUtils.ContinuousColorGradient})(x::Float64)
    @ PlotUtils ~/.julia/packages/PlotUtils/HX80C/src/colorschemes.jl:29
  [5] iterate
    @ ./generator.jl:47 [inlined]
  [6] _collect(c::Matrix{Float64}, itr::Base.Generator{Matrix{Float64}, PlotUtils.var"#6#7"{PlotUtils.ContinuousColorGradient}}, ::Base.EltypeUnknown, isz::Base.HasShape{2})
    @ Base ./array.jl:854
  [7] collect_similar
    @ ./array.jl:763 [inlined]
  [8] map
    @ ./abstractarray.jl:3286 [inlined]
  [9] get(cg::PlotUtils.ContinuousColorGradient, v::Matrix{Float64}, rangescale::Tuple{Float64, Float64})
    @ PlotUtils ~/.julia/packages/PlotUtils/HX80C/src/colorschemes.jl:29
 [10] gr_draw_heatmap(series::Plots.Series, x::Vector{Float64}, y::Vector{Float64}, z::Matrix{Float64}, clims::Tuple{Float64, Float64})
    @ Plots ~/.julia/packages/Plots/GIume/src/backends/gr.jl:2040
 [11] gr_add_series(sp::Plots.Subplot{Plots.GRBackend}, series::Plots.Series)
    @ Plots ~/.julia/packages/Plots/GIume/src/backends/gr.jl:1801
 [12] gr_display(sp::Plots.Subplot{Plots.GRBackend}, w::Measures.AbsoluteLength, h::Measures.AbsoluteLength, vp_canvas::Plots.GRViewport{Float64})
    @ Plots ~/.julia/packages/Plots/GIume/src/backends/gr.jl:970
 [13] (::Plots.var"#509#510"{Int64, Int64, Plots.GRViewport{Float64}})(sp::Plots.Subplot{Plots.GRBackend})
    @ Plots ~/.julia/packages/Plots/GIume/src/backends/gr.jl:693
 [14] foreach(f::Plots.var"#509#510"{Int64, Int64, Plots.GRViewport{Float64}}, itr::Vector{Plots.Subplot})
    @ Base ./abstractarray.jl:3098
 [15] gr_display(plt::Plots.Plot{Plots.GRBackend}, dpi_factor::Float64, display::Bool)
    @ Plots ~/.julia/packages/Plots/GIume/src/backends/gr.jl:693
 [16] gr_display
    @ ~/.julia/packages/Plots/GIume/src/backends/gr.jl:660 [inlined]
 [17] (::Plots.var"#560#562"{Plots.Plot{Plots.GRBackend}, String, Float64})()
    @ Plots ~/.julia/packages/Plots/GIume/src/backends/gr.jl:2104
 [18] withenv(f::Plots.var"#560#562"{Plots.Plot{Plots.GRBackend}, String, Float64}, keyvals::Pair{String, String})
    @ Base ./env.jl:257
 [19] _show(io::IOStream, ::MIME{Symbol("image/png")}, plt::Plots.Plot{Plots.GRBackend})
    @ Plots ~/.julia/packages/Plots/GIume/src/backends/gr.jl:2097
 [20] #invokelatest#2
    @ ./essentials.jl:892 [inlined]
 [21] invokelatest
    @ ./essentials.jl:889 [inlined]
 [22] show
    @ ~/.julia/packages/Plots/GIume/src/output.jl:239 [inlined]
 [23] #347
    @ ~/.julia/packages/Plots/GIume/src/output.jl:5 [inlined]
 [24] open(::Plots.var"#347#348"{Plots.Plot{Plots.GRBackend}}, ::String, ::Vararg{String}; kwargs::@Kwargs{})
    @ Base ./io.jl:396
 [25] open
    @ ./io.jl:393 [inlined]
 [26] png(plt::Plots.Plot{Plots.GRBackend}, fn::String)
    @ Plots ~/.julia/packages/Plots/GIume/src/output.jl:5
 [27] savefig(plt::Plots.Plot{Plots.GRBackend}, fn::String)
    @ Plots ~/.julia/packages/Plots/GIume/src/output.jl:148
 [28] plot_heatmaps(snapshot_data::Vector{Any})
    @ Main ~/Documents/Jiang/FEM/gridap_cancer_invasion/compare_solvers.jl:426
 [29] run_comparison()
    @ Main ~/Documents/Jiang/FEM/gridap_cancer_invasion/compare_solvers.jl:181
 [30] top-level scope
    @ ~/Documents/Jiang/FEM/gridap_cancer_invasion/compare_solvers.jl:475
in expression starting at /Users/praneethmerugu/Documents/Jiang/FEM/gridap_cancer_invasion/compare_solvers.jl:472
